# Symfony\Component\Routing\Exception\RouteNotFoundException - Internal Server Error
Route [login] not defined.

PHP 8.3.24
Laravel 12.25.0
elmenudigital.es

## Stack Trace

0 - vendor/laravel/framework/src/Illuminate/Routing/UrlGenerator.php:526
1 - vendor/laravel/framework/src/Illuminate/Foundation/helpers.php:885
2 - vendor/laravel/framework/src/Illuminate/Foundation/Configuration/ApplicationBuilder.php:278
3 - vendor/laravel/framework/src/Illuminate/Auth/Middleware/Authenticate.php:117
4 - vendor/laravel/framework/src/Illuminate/Auth/Middleware/Authenticate.php:104
5 - vendor/laravel/framework/src/Illuminate/Auth/Middleware/Authenticate.php:87
6 - vendor/laravel/framework/src/Illuminate/Auth/Middleware/Authenticate.php:61
7 - vendor/laravel/framework/src/Illuminate/Pipeline/Pipeline.php:219
8 - vendor/laravel/framework/src/Illuminate/Foundation/Http/Middleware/VerifyCsrfToken.php:87
9 - vendor/laravel/framework/src/Illuminate/Pipeline/Pipeline.php:219
10 - vendor/laravel/framework/src/Illuminate/View/Middleware/ShareErrorsFromSession.php:48
11 - vendor/laravel/framework/src/Illuminate/Pipeline/Pipeline.php:219
12 - vendor/laravel/framework/src/Illuminate/Session/Middleware/StartSession.php:120
13 - vendor/laravel/framework/src/Illuminate/Session/Middleware/StartSession.php:63
14 - vendor/laravel/framework/src/Illuminate/Pipeline/Pipeline.php:219
15 - vendor/laravel/framework/src/Illuminate/Cookie/Middleware/AddQueuedCookiesToResponse.php:36
16 - vendor/laravel/framework/src/Illuminate/Pipeline/Pipeline.php:219
17 - vendor/laravel/framework/src/Illuminate/Cookie/Middleware/EncryptCookies.php:74
18 - vendor/laravel/framework/src/Illuminate/Pipeline/Pipeline.php:219
19 - vendor/laravel/framework/src/Illuminate/Pipeline/Pipeline.php:137
20 - vendor/laravel/framework/src/Illuminate/Routing/Router.php:821
21 - vendor/laravel/framework/src/Illuminate/Routing/Router.php:800
22 - vendor/laravel/framework/src/Illuminate/Routing/Router.php:764
23 - vendor/laravel/framework/src/Illuminate/Routing/Router.php:753
24 - vendor/laravel/framework/src/Illuminate/Foundation/Http/Kernel.php:200
25 - vendor/laravel/framework/src/Illuminate/Pipeline/Pipeline.php:180
26 - vendor/laravel/framework/src/Illuminate/Foundation/Http/Middleware/TransformsRequest.php:21
27 - vendor/laravel/framework/src/Illuminate/Foundation/Http/Middleware/ConvertEmptyStringsToNull.php:31
28 - vendor/laravel/framework/src/Illuminate/Pipeline/Pipeline.php:219
29 - vendor/laravel/framework/src/Illuminate/Foundation/Http/Middleware/TransformsRequest.php:21
30 - vendor/laravel/framework/src/Illuminate/Foundation/Http/Middleware/TrimStrings.php:51
31 - vendor/laravel/framework/src/Illuminate/Pipeline/Pipeline.php:219
32 - vendor/laravel/framework/src/Illuminate/Http/Middleware/ValidatePostSize.php:27
33 - vendor/laravel/framework/src/Illuminate/Pipeline/Pipeline.php:219
34 - vendor/laravel/framework/src/Illuminate/Foundation/Http/Middleware/PreventRequestsDuringMaintenance.php:109
35 - vendor/laravel/framework/src/Illuminate/Pipeline/Pipeline.php:219
36 - vendor/laravel/framework/src/Illuminate/Http/Middleware/HandleCors.php:48
37 - vendor/laravel/framework/src/Illuminate/Pipeline/Pipeline.php:219
38 - vendor/laravel/framework/src/Illuminate/Http/Middleware/TrustProxies.php:58
39 - vendor/laravel/framework/src/Illuminate/Pipeline/Pipeline.php:219
40 - vendor/laravel/framework/src/Illuminate/Foundation/Http/Middleware/InvokeDeferredCallbacks.php:22
41 - vendor/laravel/framework/src/Illuminate/Pipeline/Pipeline.php:219
42 - vendor/laravel/framework/src/Illuminate/Http/Middleware/ValidatePathEncoding.php:26
43 - vendor/laravel/framework/src/Illuminate/Pipeline/Pipeline.php:219
44 - vendor/laravel/framework/src/Illuminate/Pipeline/Pipeline.php:137
45 - vendor/laravel/framework/src/Illuminate/Foundation/Http/Kernel.php:175
46 - vendor/laravel/framework/src/Illuminate/Foundation/Http/Kernel.php:144
47 - vendor/laravel/framework/src/Illuminate/Foundation/Application.php:1219
48 - public/index.php:20

## Request

GET /admin

## Headers

* **accept**: text/html,application/xhtml+xml,application/xml;q=0.9,image/avif,image/webp,image/apng,*/*;q=0.8,application/signed-exchange;v=b3;q=0.7
* **accept-encoding**: gzip, deflate, br, zstd
* **accept-language**: es-ES,es;q=0.9,en;q=0.8
* **cookie**: laravel_session=eyJpdiI6IllKOG5OWVFSSTEwd0krb24zOW9WdUE9PSIsInZhbHVlIjoiM21vVitZU3V0NU5lNmNQMVJNbW9oU0JXMHNOV2M0eFd4eGJzaG40MU9rNWR2S20rYlVPdXRMZzI4SXBNSlpHSndEbWt6Mm5pWVkvbTVnWTVLdGxzQW1WTVkvTFFYZDdsbzlhWlptQ3I2VEdlNllDaTZOSndEdHBIalc1Z0FTMXIiLCJtYWMiOiI0YjI4Zjk0OTEwNGMxZDE4Y2Y0YmNlOWQxMjcyN2I1MjZhOTRmOTBjZDVlYzhlZTI4NDQ4ZTVlMTcxYjMyYzQwIiwidGFnIjoiIn0%3D; laravel-session=eyJpdiI6IjhvU2ZZandzU1d2enNDRTBJS2NPbVE9PSIsInZhbHVlIjoiK3B2aXUxOUR2RU5xRXJQWFFVRUdLVGZCWG56ZTRQSjFCRUtvbTliNDBpZEhoNGhmVkJBNmhrSGZtOFNjbEkyVmVheVhUU05VOHZCa2NxVXFJaDlJdEJ1ZVZOL1A1ZEVRNDhqaHpBODhFaTlmSXoxam1qN045bnhGNkk3b1hYOGwiLCJtYWMiOiIzNGM4YTJlZDMxNDhhMmJiNmU4NGZiOGNjZWU1MDRjYTYyZDdlODUxYWZjOWMzY2I0M2JlNTc0OWQ2MDk0Y2ZiIiwidGFnIjoiIn0%3D; XSRF-TOKEN=eyJpdiI6IjcvMWE4L0pCNHllbGErU2RTeHMvM3c9PSIsInZhbHVlIjoiVVFrNk1jcm9kcmQ4M25ZWWhEY2tzblJYWVlPbVd0UUFNQk9oay9DekdRaUt3c2tuNHAvVG1nZG13RW50dlE0blBVUkwwQmVuZnFiT1prUkN1R2psY2FpMGZmL29wT0VSZFpiOTlrUFE5bkZLQnp3cFYydEhOYTFlNE1pNkdvSXMiLCJtYWMiOiI4NGVkZDgzNDFkNTBiMDM4NWViZjllYmE0NjVhMGZkODk1OWEzMDQ5MzQxY2NmNGJjYjY4YjU4MjM2OGMzODJkIiwidGFnIjoiIn0%3D; buffetlaw-session=eyJpdiI6Im5YaHBZeEZ1bFlwNEQxZW9DZVNyK2c9PSIsInZhbHVlIjoicXFBZUZJSUVscllOVC92VXRESWowWHVRTTZoWXhFTHloTUxkUmhrQnU2QkVzQ1ROQXFkaGhFZXNnYzQ3QVlwUGRVaEFjOXU1bkRnQ3lCdEZib1lndjA3QzExZ2dRNWFRaGh0bEdXVVN3cER0NUMwNlVBNWMxVDdjeE9LbFR2QmciLCJtYWMiOiJhYmIxZDdlNTE1ZjAzM2JiZGMzNjYwYTU4YTE5NzMzZDBlYzdiZDU5OGJkNjkyODI1NmI0M2YwMDUzOTkyODQ2IiwidGFnIjoiIn0%3D
* **host**: elmenudigital.es
* **pragma**: no-cache
* **user-agent**: Mozilla/5.0 (Windows NT 10.0; Win64; x64) AppleWebKit/537.36 (KHTML, like Gecko) Chrome/139.0.0.0 Safari/537.36
* **cache-control**: no-cache
* **sec-ch-ua**: "Not;A=Brand";v="99", "Google Chrome";v="139", "Chromium";v="139"
* **sec-ch-ua-mobile**: ?0
* **sec-ch-ua-platform**: "Windows"
* **upgrade-insecure-requests**: 1
* **sec-fetch-site**: none
* **sec-fetch-mode**: navigate
* **sec-fetch-user**: ?1
* **sec-fetch-dest**: document
* **priority**: u=0, i
* **x-https**: 1

## Route Context

controller: App\Http\Controllers\AdminDashboardController@index
route name: admin.dashboard
middleware: web, auth, role:Administrador

## Route Parameters

No route parameter data available.

## Database Queries

* mysql - select * from `sessions` where `id` = 'nrgGPMBvUKL3bzpN6vofqivq0IBP2OQthW56VqsS' limit 1 (70.33 ms)
